<?xml version="1.0" encoding="UTF-8"?>
<testng-results skipped="0" failed="0" ignored="0" total="1" passed="1">
  <reporter-output>
  </reporter-output>
  <suite name="Default suite" duration-ms="31859" started-at="2019-10-17T17:54:46Z" finished-at="2019-10-17T17:55:17Z">
    <groups>
    </groups>
    <test name="Default test" duration-ms="31859" started-at="2019-10-17T17:54:46Z" finished-at="2019-10-17T17:55:17Z">
      <class name="walletHubTests.PostVerifyReview">
        <test-method status="PASS" signature="initialize()[pri:0, instance:walletHubTests.PostVerifyReview@12cdcf4]" name="initialize" is-config="true" duration-ms="6319" started-at="2019-10-17T17:54:46Z" finished-at="2019-10-17T17:54:52Z">
          <reporter-output>
          </reporter-output>
        </test-method> <!-- initialize -->
        <test-method status="PASS" signature="postAndVerifyReview()[pri:0, instance:walletHubTests.PostVerifyReview@12cdcf4]" name="postAndVerifyReview" duration-ms="25334" started-at="2019-10-17T17:54:52Z" finished-at="2019-10-17T17:55:17Z">
          <reporter-output>
          </reporter-output>
        </test-method> <!-- postAndVerifyReview -->
        <test-method status="PASS" signature="teardown()[pri:0, instance:walletHubTests.PostVerifyReview@12cdcf4]" name="teardown" is-config="true" duration-ms="182" started-at="2019-10-17T17:55:17Z" finished-at="2019-10-17T17:55:17Z">
          <reporter-output>
          </reporter-output>
        </test-method> <!-- teardown -->
      </class> <!-- walletHubTests.PostVerifyReview -->
    </test> <!-- Default test -->
  </suite> <!-- Default suite -->
</testng-results>
